********************************************************************************
product = Open Liberty 18.0.0.2 (wlp-1.0.21.cl180220180619-0403)
wlp.install.dir = /Users/pradeepjadhav/Downloads/template-spring-boot-master/build/wlp/
java.home = /Library/Java/JavaVirtualMachines/jdk1.8.0_181.jdk/Contents/Home/jre
java.version = 1.8.0_181
java.runtime = Java(TM) SE Runtime Environment (1.8.0_181-b13)
os = Mac OS X (10.13.6; x86_64) (en_US)
process = 31472@Pradeeps-MacBook-Pro-2.local
********************************************************************************
[8/22/18 9:59:49:377 EDT] 00000001 com.ibm.ws.kernel.launch.internal.FrameworkManager           A CWWKE0001I: The server MutualAuthDSGServer has been launched.
[8/22/18 9:59:50:472 EDT] 00000013 com.ibm.ws.config.xml.internal.ServerXMLConfiguration        A CWWKG0093A: Processing configuration drop-ins resource: /Users/pradeepjadhav/Downloads/template-spring-boot-master/build/wlp/usr/servers/MutualAuthDSGServer/configDropins/defaults/install_apps_configuration_741776.xml
[8/22/18 9:59:50:884 EDT] 00000001 com.ibm.ws.kernel.launch.internal.FrameworkManager           I CWWKE0002I: The kernel started after 1.933 seconds
[8/22/18 9:59:51:055 EDT] 0000001a com.ibm.ws.kernel.feature.internal.FeatureManager            I CWWKF0007I: Feature update started.
[8/22/18 9:59:51:950 EDT] 00000013 com.ibm.ws.app.manager.internal.monitor.DropinMonitor        A CWWKZ0058I: Monitoring dropins for applications.
[8/22/18 9:59:51:962 EDT] 0000001e com.ibm.ws.tcpchannel.internal.TCPChannel                    I CWWKO0219I: TCP Channel defaultHttpEndpoint has been started and is now listening for requests on host *  (IPv6) port 9080.
[8/22/18 9:59:52:271 EDT] 00000025 com.ibm.ws.app.manager.AppMessageHelper                      I CWWKZ0018I: Starting application MutualAuthDSG-0.1.0.
[8/22/18 9:59:52:271 EDT] 00000024 com.ibm.ws.app.manager.AppMessageHelper                      I CWWKZ0018I: Starting application MutualAuthDSG.
[8/22/18 9:59:53:292 EDT] 00000025 com.ibm.ws.session.WASSessionCore                            I SESN8501I: The session manager did not find a persistent storage location; HttpSession objects will be stored in the local application server's memory.
[8/22/18 9:59:53:606 EDT] 0000002d com.ibm.ws.webcontainer.osgi.mbeans.PluginGenerator          I SRVE9103I: A configuration file for a web server plugin was automatically generated for this server at /Users/pradeepjadhav/Downloads/template-spring-boot-master/build/wlp/usr/servers/MutualAuthDSGServer/logs/state/plugin-cfg.xml.
[8/22/18 9:59:56:048 EDT] 0000002c SystemOut                                                    O 2018-08-22 09:59:56.041  INFO [-,,,] 31472 --- [cutor-thread-14] s.c.a.AnnotationConfigApplicationContext : Refreshing org.springframework.context.annotation.AnnotationConfigApplicationContext@3e742192: startup date [Wed Aug 22 09:59:56 EDT 2018]; root of context hierarchy
[8/22/18 9:59:56:733 EDT] 0000002c SystemOut                                                    O 2018-08-22 09:59:56.733  INFO [-,,,] 31472 --- [cutor-thread-14] trationDelegate$BeanPostProcessorChecker : Bean 'configurationPropertiesRebinderAutoConfiguration' of type [org.springframework.cloud.autoconfigure.ConfigurationPropertiesRebinderAutoConfiguration$$EnhancerBySpringCGLIB$$ff61777e] is not eligible for getting processed by all BeanPostProcessors (for example: not eligible for auto-proxying)
[8/22/18 9:59:56:908 EDT] 00000024 com.ibm.ws.webcontainer.osgi.webapp.WebGroup                 I SRVE0169I: Loading Web Module: MutualAuthDSG-0.1.0.
[8/22/18 9:59:56:908 EDT] 00000024 com.ibm.ws.webcontainer                                      I SRVE0250I: Web Module MutualAuthDSG-0.1.0 has been bound to default_host.
[8/22/18 9:59:56:911 EDT] 00000024 com.ibm.ws.http.internal.VirtualHostImpl                     A CWWKT0016I: Web application available (default_host): http://172.31.120.170:9080/MutualAuthDSG/
[8/22/18 9:59:56:916 EDT] 00000024 com.ibm.ws.app.manager.AppMessageHelper                      A CWWKZ0001I: Application MutualAuthDSG started in 4.645 seconds.
[8/22/18 9:59:56:940 EDT] 00000040 com.ibm.ws.webcontainer.osgi.mbeans.PluginGenerator          I SRVE9103I: A configuration file for a web server plugin was automatically generated for this server at /Users/pradeepjadhav/Downloads/template-spring-boot-master/build/wlp/usr/servers/MutualAuthDSGServer/logs/state/plugin-cfg.xml.
[8/22/18 9:59:57:117 EDT] 0000002c SystemOut                                                    O   .   ____          _            __ _ _
[8/22/18 9:59:57:117 EDT] 0000002c SystemOut                                                    O  /\\ / ___'_ __ _ _(_)_ __  __ _ \ \ \ \
[8/22/18 9:59:57:117 EDT] 0000002c SystemOut                                                    O ( ( )\___ | '_ | '_| | '_ \/ _` | \ \ \ \
[8/22/18 9:59:57:118 EDT] 0000002c SystemOut                                                    O  \\/  ___)| |_)| | | | | || (_| |  ) ) ) )
[8/22/18 9:59:57:118 EDT] 0000002c SystemOut                                                    O   '  |____| .__|_| |_|_| |_\__, | / / / /
[8/22/18 9:59:57:118 EDT] 0000002c SystemOut                                                    O  =========|_|==============|___/=/_/_/_/
[8/22/18 9:59:57:119 EDT] 0000002c SystemOut                                                    O  :: Spring Boot ::        (v2.0.1.RELEASE)
[8/22/18 9:59:57:121 EDT] 0000003f com.ibm.ws.session.WASSessionCore                            I SESN0176I: A new session context will be created for application key default_host/MutualAuthDSG
[8/22/18 9:59:57:129 EDT] 0000003f SystemOut                                                    O 2018-22-08 09:59:57.121 [35m[Default Executor-thread-31][0;39m [34mINFO [0;39m  template-spring-boot com.ibm.ws.session.WASSessionCore.log 140 - SESN0176I: A new session context will be created for application key default_host/MutualAuthDSG
[8/22/18 9:59:57:141 EDT] 0000002c SystemOut                                                    O 2018-22-08 09:59:57.140 [35m[Default Executor-thread-14][0;39m [34mINFO [0;39m  template-spring-boot com.ibm.hello.app.Application.logStartupProfileInfo 659 - No active profile set, falling back to default profiles: default
[8/22/18 9:59:57:151 EDT] 0000003f com.ibm.ws.util                                              I SESN0172I: The session manager is using the Java default SecureRandom implementation for session ID generation.
[8/22/18 9:59:57:152 EDT] 0000003f SystemOut                                                    O 2018-22-08 09:59:57.152 [35m[Default Executor-thread-31][0;39m [34mINFO [0;39m  template-spring-boot com.ibm.ws.util.log 140 - SESN0172I: The session manager is using the Java default SecureRandom implementation for session ID generation.
[8/22/18 9:59:57:246 EDT] 0000003f com.ibm.ws.webcontainer.webapp                               I SRVE0292I: Servlet Message - [MutualAuthDSG-0.1.0]:.1 Spring WebApplicationInitializers detected on classpath
[8/22/18 9:59:57:246 EDT] 0000003f SystemOut                                                    O 2018-22-08 09:59:57.246 [35m[Default Executor-thread-31][0;39m [34mINFO [0;39m  template-spring-boot com.ibm.ws.webcontainer.webapp.log 140 - SRVE0292I: Servlet Message - [MutualAuthDSG-0.1.0]:.1 Spring WebApplicationInitializers detected on classpath
[8/22/18 10:00:01:003 EDT] 0000002c com.ibm.ws.webcontainer.osgi.webapp.WebGroup                 I SRVE0169I: Loading Web Module: 0-0.
[8/22/18 10:00:01:003 EDT] 0000002c com.ibm.ws.webcontainer                                      I SRVE0250I: Web Module 0-0 has been bound to springBootVirtualHost-9080.
[8/22/18 10:00:01:003 EDT] 0000002c SystemOut                                                    O 2018-22-08 10:00:01.003 [35m[Default Executor-thread-14][0;39m [34mINFO [0;39m  template-spring-boot com.ibm.ws.webcontainer.log 140 - SRVE0250I: Web Module 0-0 has been bound to springBootVirtualHost-9080.
[8/22/18 10:00:01:006 EDT] 00000048 com.ibm.ws.session.WASSessionCore                            I SESN0176I: A new session context will be created for application key springBootVirtualHost-9080
[8/22/18 10:00:01:007 EDT] 00000048 SystemOut                                                    O 2018-22-08 10:00:01.007 [35m[Default Executor-thread-38][0;39m [34mINFO [0;39m  template-spring-boot com.ibm.ws.session.WASSessionCore.log 140 - SESN0176I: A new session context will be created for application key springBootVirtualHost-9080
[8/22/18 10:00:01:008 EDT] 00000048 com.ibm.ws.util                                              I SESN0172I: The session manager is using the Java default SecureRandom implementation for session ID generation.
[8/22/18 10:00:01:008 EDT] 00000048 SystemOut                                                    O 2018-22-08 10:00:01.008 [35m[Default Executor-thread-38][0;39m [34mINFO [0;39m  template-spring-boot com.ibm.ws.util.log 140 - SESN0172I: The session manager is using the Java default SecureRandom implementation for session ID generation.
[8/22/18 10:00:01:023 EDT] 00000048 com.ibm.ws.webcontainer.webapp                               I SRVE0292I: Servlet Message - [0-0]:.Initializing Spring embedded WebApplicationContext
[8/22/18 10:00:01:024 EDT] 00000048 SystemOut                                                    O 2018-22-08 10:00:01.024 [35m[Default Executor-thread-38][0;39m [34mINFO [0;39m  template-spring-boot com.ibm.ws.webcontainer.webapp.log 140 - SRVE0292I: Servlet Message - [0-0]:.Initializing Spring embedded WebApplicationContext
[8/22/18 10:00:04:170 EDT] 0000002c SystemOut                                                    O 2018-22-08 10:00:04.170 [35m[Default Executor-thread-14][0;39m [34mINFO [0;39m  template-spring-boot s.d.s.w.PropertySourcedRequestMappingHandlerMapping.initHandlerMethods 69 - Mapped URL path [/v2/api-docs] onto method [public org.springframework.http.ResponseEntity<springfox.documentation.spring.web.json.Json> springfox.documentation.swagger2.web.Swagger2Controller.getDocumentation(java.lang.String,javax.servlet.http.HttpServletRequest)]
[8/22/18 10:00:05:579 EDT] 0000002c SystemOut                                                    O 2018-22-08 10:00:05.578 [35m[Default Executor-thread-14][0;39m [34mINFO [0;39m  template-spring-boot s.d.s.w.p.DocumentationPluginsBootstrapper.start 160 - Context refreshed
[8/22/18 10:00:05:654 EDT] 0000002c SystemOut                                                    O 2018-22-08 10:00:05.651 [35m[Default Executor-thread-14][0;39m [34mINFO [0;39m  template-spring-boot s.d.s.w.p.DocumentationPluginsBootstrapper.start 163 - Found 1 custom documentation plugin(s)
[8/22/18 10:00:05:790 EDT] 0000002c SystemOut                                                    O 2018-22-08 10:00:05.790 [35m[Default Executor-thread-14][0;39m [34mINFO [0;39m  template-spring-boot s.d.s.w.s.ApiListingReferenceScanner.scan 41 - Scanning for api listing references
[8/22/18 10:00:06:505 EDT] 00000015 com.ibm.ws.http.internal.VirtualHostImpl                     A CWWKT0017I: Web application removed (default_host): http://172.31.120.170:9080/MutualAuthDSG/
[8/22/18 10:00:06:515 EDT] 0000002c SystemOut                                                    O 2018-22-08 10:00:06.514 [35m[Default Executor-thread-14][0;39m [34mINFO [0;39m  template-spring-boot com.ibm.hello.app.Application.logStarted 59 - Started Application in 12.578 seconds (JVM running for 17.67)
[8/22/18 10:00:06:521 EDT] 0000002c com.ibm.ws.app.manager.AppMessageHelper                      A CWWKZ0001I: Application MutualAuthDSG-0.1.0 started in 14.250 seconds.
[8/22/18 10:00:06:521 EDT] 00000048 com.ibm.ws.tcpchannel.internal.TCPPort                       E CWWKO0221E: TCP Channel springBootHttpEndpoint-9080 initialization did not succeed.  The socket bind did not succeed for host * and port 9080.  The port might already be in use.
[8/22/18 10:00:06:572 EDT] 0000001a com.ibm.ws.kernel.feature.internal.FeatureManager            A CWWKF0012I: The server installed the following features: [springBoot-2.0, servlet-3.1].
[8/22/18 10:00:06:573 EDT] 0000001a com.ibm.ws.kernel.feature.internal.FeatureManager            I CWWKF0008I: Feature update completed in 15.690 seconds.
[8/22/18 10:00:06:573 EDT] 0000001a com.ibm.ws.kernel.feature.internal.FeatureManager            A CWWKF0011I: The server MutualAuthDSGServer is ready to run a smarter planet.
[8/22/18 10:00:54:413 EDT] 0000005c com.ibm.ws.config.xml.internal.ConfigRefresher               A CWWKG0016I: Starting server configuration update.
[8/22/18 10:00:54:415 EDT] 0000005c com.ibm.ws.config.xml.internal.ServerXMLConfiguration        A CWWKG0093A: Processing configuration drop-ins resource: /Users/pradeepjadhav/Downloads/template-spring-boot-master/build/wlp/usr/servers/MutualAuthDSGServer/configDropins/defaults/install_apps_configuration_741776.xml
[8/22/18 10:00:54:421 EDT] 0000005c com.ibm.ws.config.xml.internal.ConfigRefresher               A CWWKG0018I: The server configuration was not updated. No functional changes were detected.
[8/22/18 10:00:54:439 EDT] 00000084 com.ibm.ws.webcontainer.osgi.mbeans.PluginGenerator          I SRVE9103I: A configuration file for a web server plugin was automatically generated for this server at /Users/pradeepjadhav/Downloads/template-spring-boot-master/build/wlp/usr/servers/MutualAuthDSGServer/logs/state/plugin-cfg.xml.
[8/22/18 10:00:54:641 EDT] 00000090 com.ibm.ws.app.manager.AppMessageHelper                      A CWWKZ0009I: The application MutualAuthDSG has stopped successfully.
[8/22/18 10:00:54:645 EDT] 00000090 com.ibm.ws.app.manager.AppMessageHelper                      I CWWKZ0018I: Starting application MutualAuthDSG.
[8/22/18 10:00:54:658 EDT] 0000005f com.ibm.ws.webcontainer.osgi.mbeans.PluginGenerator          I SRVE9103I: A configuration file for a web server plugin was automatically generated for this server at /Users/pradeepjadhav/Downloads/template-spring-boot-master/build/wlp/usr/servers/MutualAuthDSGServer/logs/state/plugin-cfg.xml.
[8/22/18 10:00:56:484 EDT] 00000090 com.ibm.ws.webcontainer.osgi.webapp.WebGroup                 I SRVE0169I: Loading Web Module: MutualAuthDSG-0.1.0.
[8/22/18 10:00:56:484 EDT] 00000090 com.ibm.ws.webcontainer                                      I SRVE0250I: Web Module MutualAuthDSG-0.1.0 has been bound to default_host.
[8/22/18 10:00:56:485 EDT] 00000090 SystemOut                                                    O 2018-22-08 10:00:56.484 [35m[Default Executor-thread-106][0;39m [34mINFO [0;39m  template-spring-boot com.ibm.ws.webcontainer.log 140 - SRVE0250I: Web Module MutualAuthDSG-0.1.0 has been bound to default_host.
[8/22/18 10:00:56:500 EDT] 000000a5 com.ibm.ws.webcontainer.osgi.mbeans.PluginGenerator          I SRVE9103I: A configuration file for a web server plugin was automatically generated for this server at /Users/pradeepjadhav/Downloads/template-spring-boot-master/build/wlp/usr/servers/MutualAuthDSGServer/logs/state/plugin-cfg.xml.
[8/22/18 10:00:56:604 EDT] 000000ab com.ibm.ws.session.WASSessionCore                            I SESN0176I: A new session context will be created for application key default_host/MutualAuthDSG
[8/22/18 10:00:56:605 EDT] 000000ab SystemOut                                                    O 2018-22-08 10:00:56.605 [35m[Default Executor-thread-133][0;39m [34mINFO [0;39m  template-spring-boot com.ibm.ws.session.WASSessionCore.log 140 - SESN0176I: A new session context will be created for application key default_host/MutualAuthDSG
[8/22/18 10:00:56:605 EDT] 000000ab com.ibm.ws.util                                              I SESN0172I: The session manager is using the Java default SecureRandom implementation for session ID generation.
[8/22/18 10:00:56:606 EDT] 000000ab SystemOut                                                    O 2018-22-08 10:00:56.605 [35m[Default Executor-thread-133][0;39m [34mINFO [0;39m  template-spring-boot com.ibm.ws.util.log 140 - SESN0172I: The session manager is using the Java default SecureRandom implementation for session ID generation.
[8/22/18 10:00:56:664 EDT] 000000ab com.ibm.ws.webcontainer.webapp                               I SRVE0292I: Servlet Message - [MutualAuthDSG-0.1.0]:.1 Spring WebApplicationInitializers detected on classpath
[8/22/18 10:00:56:665 EDT] 000000ab SystemOut                                                    O 2018-22-08 10:00:56.665 [35m[Default Executor-thread-133][0;39m [34mINFO [0;39m  template-spring-boot com.ibm.ws.webcontainer.webapp.log 140 - SRVE0292I: Servlet Message - [MutualAuthDSG-0.1.0]:.1 Spring WebApplicationInitializers detected on classpath
[8/22/18 10:01:24:646 EDT] 000000e2 com.ibm.ws.app.manager.AppMessageHelper                      A CWWKZ0022W: Application MutualAuthDSG has not started in 30.001 seconds.
[8/22/18 10:02:17:721 EDT] 00000010 com.ibm.ws.kernel.launch.internal.ServerCommandListener      A CWWKE0055I: Server shutdown requested on Wednesday, August 22, 2018 at 10:02 AM. The server MutualAuthDSGServer is shutting down.
[8/22/18 10:02:17:725 EDT] 00000152 com.ibm.ws.runtime.update.internal.RuntimeUpdateManagerImpl  A CWWKE1100I: Waiting for up to 30 seconds for the server to quiesce.
[8/22/18 10:02:17:728 EDT] 00000153 com.ibm.ws.tcpchannel.internal.TCPChannel                    I CWWKO0220I: TCP Channel defaultHttpEndpoint has stopped listening for requests on host *  (IPv6) port 9080.
[8/22/18 10:02:17:730 EDT] 00000152 com.ibm.ws.runtime.update.internal.RuntimeUpdateManagerImpl  I CWWKE1101I: Server quiesce complete.
[8/22/18 10:02:17:765 EDT] 00000128 com.ibm.ws.app.manager.AppMessageHelper                      A CWWKZ0009I: The application MutualAuthDSG-0.1.0 has stopped successfully.
[8/22/18 10:02:47:996 EDT] 00000001 com.ibm.ws.kernel.launch.internal.FrameworkManager           A CWWKE0036I: The server MutualAuthDSGServer stopped after 2 minutes, 59.044 seconds.
